2025-10-19 15:25:31,527 - __main__ - INFO - Starting contract collection...
2025-10-19 15:25:32,051 - __main__ - INFO - Collected 1 contracts out of 1 addresses
2025-10-19 15:25:32,051 - __main__ - INFO - Collected 1 contracts
2025-10-19 15:25:32,051 - __main__ - INFO - Creating function pairs...
2025-10-19 15:25:32,060 - __main__ - INFO - Analyzing bytecode for 0x7C5a749d3F68DAA78Eb8578A7d5BD629C5e2c42b
2025-10-19 15:25:32,066 - src.bytecode_analyzer - INFO - Parsed 1048 instructions from bytecode
2025-10-19 15:25:32,066 - src.bytecode_analyzer - INFO - Starting comprehensive control flow analysis
2025-10-19 15:25:32,066 - src.bytecode_analyzer - INFO - Detected 106 jump targets
2025-10-19 15:25:32,072 - src.bytecode_analyzer - INFO - Constructed 104 basic blocks
2025-10-19 15:25:32,075 - src.bytecode_analyzer - INFO - Completed block relationship analysis
2025-10-19 15:25:32,077 - src.bytecode_analyzer - INFO - Completed advanced control flow analysis
2025-10-19 15:25:32,077 - __main__ - INFO - Parsing Solidity source for 0x7C5a749d3F68DAA78Eb8578A7d5BD629C5e2c42b
2025-10-19 15:25:32,078 - __main__ - WARNING - No Solidity functions found for 0x7C5a749d3F68DAA78Eb8578A7d5BD629C5e2c42b
2025-10-19 15:25:32,086 - __main__ - INFO - Created 0 function pairs
2025-10-19 15:25:32,086 - __main__ - INFO - Created 0 function pairs
2025-10-19 15:25:32,086 - __main__ - WARNING - No function pairs created. Check logs for details.
2025-10-19 15:26:55,153 - __main__ - INFO - Starting contract collection...
2025-10-19 15:26:55,800 - __main__ - INFO - Collected 4 contracts out of 4 addresses
2025-10-19 15:26:55,800 - __main__ - INFO - Collected 4 contracts
2025-10-19 15:26:55,800 - __main__ - INFO - Creating function pairs...
2025-10-19 15:26:55,800 - __main__ - INFO - Analyzing bytecode for 0x7C5a749d3F68DAA78Eb8578A7d5BD629C5e2c42b
2025-10-19 15:26:55,814 - src.bytecode_analyzer - INFO - Parsed 1048 instructions from bytecode
2025-10-19 15:26:55,815 - src.bytecode_analyzer - INFO - Starting comprehensive control flow analysis
2025-10-19 15:26:55,817 - src.bytecode_analyzer - INFO - Detected 106 jump targets
2025-10-19 15:26:55,818 - src.bytecode_analyzer - INFO - Constructed 104 basic blocks
2025-10-19 15:26:55,821 - src.bytecode_analyzer - INFO - Completed block relationship analysis
2025-10-19 15:26:55,823 - src.bytecode_analyzer - INFO - Completed advanced control flow analysis
2025-10-19 15:26:55,823 - __main__ - INFO - Parsing Solidity source for 0x7C5a749d3F68DAA78Eb8578A7d5BD629C5e2c42b
2025-10-19 15:26:55,824 - __main__ - WARNING - No Solidity functions found for 0x7C5a749d3F68DAA78Eb8578A7d5BD629C5e2c42b
2025-10-19 15:26:55,826 - __main__ - INFO - Analyzing bytecode for 0x93ab2D5c309c696167f381e9Bba972BF9Eaebb27
2025-10-19 15:26:55,826 - src.bytecode_analyzer - ERROR - Failed to parse bytecode: Non-hexadecimal digit found
2025-10-19 15:26:55,826 - __main__ - ERROR - Failed to create function pairs for 0x93ab2D5c309c696167f381e9Bba972BF9Eaebb27: Non-hexadecimal digit found
2025-10-19 15:26:55,827 - __main__ - INFO - Analyzing bytecode for 0x9B708CdCef5e495b35814c855AC20eA695bC8D98
2025-10-19 15:26:55,827 - src.bytecode_analyzer - ERROR - Failed to parse bytecode: Non-hexadecimal digit found
2025-10-19 15:26:55,827 - __main__ - ERROR - Failed to create function pairs for 0x9B708CdCef5e495b35814c855AC20eA695bC8D98: Non-hexadecimal digit found
2025-10-19 15:26:55,827 - __main__ - INFO - Analyzing bytecode for 0xc3cB0c0a97EcBfa6f693884F21765B70E394DeF0
2025-10-19 15:26:55,827 - src.bytecode_analyzer - ERROR - Failed to parse bytecode: Non-hexadecimal digit found
2025-10-19 15:26:55,827 - __main__ - ERROR - Failed to create function pairs for 0xc3cB0c0a97EcBfa6f693884F21765B70E394DeF0: Non-hexadecimal digit found
2025-10-19 15:26:55,834 - __main__ - INFO - Created 0 function pairs
2025-10-19 15:26:55,834 - __main__ - INFO - Created 0 function pairs
2025-10-19 15:26:55,834 - __main__ - WARNING - No function pairs created. Check logs for details.
2025-10-19 15:30:32,073 - __main__ - INFO - Starting contract collection...
2025-10-19 15:30:32,637 - __main__ - INFO - Collected 4 contracts out of 4 addresses
2025-10-19 15:30:32,637 - __main__ - INFO - Collected 4 contracts
2025-10-19 15:30:32,637 - __main__ - INFO - Creating function pairs...
2025-10-19 15:30:32,640 - __main__ - INFO - Analyzing bytecode for 0x9B708CdCef5e495b35814c855AC20eA695bC8D98
2025-10-19 15:30:32,656 - src.bytecode_analyzer - INFO - Parsed 2576 instructions from bytecode
2025-10-19 15:30:32,657 - src.bytecode_analyzer - INFO - Starting comprehensive control flow analysis
2025-10-19 15:30:32,661 - src.bytecode_analyzer - INFO - Detected 383 jump targets
2025-10-19 15:30:32,666 - src.bytecode_analyzer - INFO - Constructed 382 basic blocks
2025-10-19 15:30:32,676 - src.bytecode_analyzer - INFO - Completed block relationship analysis
2025-10-19 15:30:32,698 - src.bytecode_analyzer - INFO - Completed advanced control flow analysis
2025-10-19 15:30:32,699 - __main__ - INFO - Parsing Solidity source for 0x9B708CdCef5e495b35814c855AC20eA695bC8D98
2025-10-19 15:30:32,699 - __main__ - WARNING - No Solidity functions found for 0x9B708CdCef5e495b35814c855AC20eA695bC8D98
2025-10-19 15:30:32,707 - __main__ - INFO - Analyzing bytecode for 0x7C5a749d3F68DAA78Eb8578A7d5BD629C5e2c42b
2025-10-19 15:30:32,707 - src.bytecode_analyzer - ERROR - Failed to parse bytecode: Non-hexadecimal digit found
2025-10-19 15:30:32,707 - __main__ - ERROR - Failed to create function pairs for 0x7C5a749d3F68DAA78Eb8578A7d5BD629C5e2c42b: Non-hexadecimal digit found
2025-10-19 15:30:32,712 - __main__ - ERROR - Error traceback: Traceback (most recent call last):
  File "C:\GIT\agorevski\A1.5_Smart_Contract_Bytecode_To_Code_Generator\src\dataset_pipeline.py", line 442, in _create_function_pairs
    analyzer = BytecodeAnalyzer(bytecode)
  File "C:\GIT\agorevski\A1.5_Smart_Contract_Bytecode_To_Code_Generator\src\bytecode_analyzer.py", line 95, in __init__
    self._parse_bytecode()
  File "C:\GIT\agorevski\A1.5_Smart_Contract_Bytecode_To_Code_Generator\src\bytecode_analyzer.py", line 104, in _parse_bytecode
    disassembly_str = pyevmasm.disassemble_hex(clean_bytecode)
  File "C:\Users\algore\AppData\Local\Programs\Python\Python39\lib\site-packages\pyevmasm\evmasm.py", line 616, in disassemble_hex
    bytecode = unhexlify(bytecode)
binascii.Error: Non-hexadecimal digit found

2025-10-19 15:30:32,719 - __main__ - INFO - Analyzing bytecode for 0x93ab2D5c309c696167f381e9Bba972BF9Eaebb27
2025-10-19 15:30:32,720 - src.bytecode_analyzer - ERROR - Failed to parse bytecode: Non-hexadecimal digit found
2025-10-19 15:30:32,720 - __main__ - ERROR - Failed to create function pairs for 0x93ab2D5c309c696167f381e9Bba972BF9Eaebb27: Non-hexadecimal digit found
2025-10-19 15:30:32,721 - __main__ - ERROR - Error traceback: Traceback (most recent call last):
  File "C:\GIT\agorevski\A1.5_Smart_Contract_Bytecode_To_Code_Generator\src\dataset_pipeline.py", line 442, in _create_function_pairs
    analyzer = BytecodeAnalyzer(bytecode)
  File "C:\GIT\agorevski\A1.5_Smart_Contract_Bytecode_To_Code_Generator\src\bytecode_analyzer.py", line 95, in __init__
    self._parse_bytecode()
  File "C:\GIT\agorevski\A1.5_Smart_Contract_Bytecode_To_Code_Generator\src\bytecode_analyzer.py", line 104, in _parse_bytecode
    disassembly_str = pyevmasm.disassemble_hex(clean_bytecode)
  File "C:\Users\algore\AppData\Local\Programs\Python\Python39\lib\site-packages\pyevmasm\evmasm.py", line 616, in disassemble_hex
    bytecode = unhexlify(bytecode)
binascii.Error: Non-hexadecimal digit found

2025-10-19 15:30:32,723 - __main__ - INFO - Analyzing bytecode for 0xc3cB0c0a97EcBfa6f693884F21765B70E394DeF0
2025-10-19 15:30:32,723 - src.bytecode_analyzer - ERROR - Failed to parse bytecode: Non-hexadecimal digit found
2025-10-19 15:30:32,723 - __main__ - ERROR - Failed to create function pairs for 0xc3cB0c0a97EcBfa6f693884F21765B70E394DeF0: Non-hexadecimal digit found
2025-10-19 15:30:32,723 - __main__ - ERROR - Error traceback: Traceback (most recent call last):
  File "C:\GIT\agorevski\A1.5_Smart_Contract_Bytecode_To_Code_Generator\src\dataset_pipeline.py", line 442, in _create_function_pairs
    analyzer = BytecodeAnalyzer(bytecode)
  File "C:\GIT\agorevski\A1.5_Smart_Contract_Bytecode_To_Code_Generator\src\bytecode_analyzer.py", line 95, in __init__
    self._parse_bytecode()
  File "C:\GIT\agorevski\A1.5_Smart_Contract_Bytecode_To_Code_Generator\src\bytecode_analyzer.py", line 104, in _parse_bytecode
    disassembly_str = pyevmasm.disassemble_hex(clean_bytecode)
  File "C:\Users\algore\AppData\Local\Programs\Python\Python39\lib\site-packages\pyevmasm\evmasm.py", line 616, in disassemble_hex
    bytecode = unhexlify(bytecode)
binascii.Error: Non-hexadecimal digit found

2025-10-19 15:30:32,739 - __main__ - INFO - Created 0 function pairs
2025-10-19 15:30:32,739 - __main__ - INFO - Created 0 function pairs
2025-10-19 15:30:32,739 - __main__ - WARNING - No function pairs created. Check logs for details.
2025-10-19 15:30:58,765 - __main__ - INFO - Starting contract collection...
2025-10-19 15:30:59,371 - __main__ - INFO - Collected 4 contracts out of 4 addresses
2025-10-19 15:30:59,372 - __main__ - INFO - Collected 4 contracts
2025-10-19 15:30:59,372 - __main__ - INFO - Creating function pairs...
2025-10-19 15:30:59,376 - __main__ - INFO - Analyzing bytecode for 0xc3cB0c0a97EcBfa6f693884F21765B70E394DeF0
2025-10-19 15:30:59,384 - src.bytecode_analyzer - INFO - Parsed 1197 instructions from bytecode
2025-10-19 15:30:59,385 - src.bytecode_analyzer - INFO - Starting comprehensive control flow analysis
2025-10-19 15:30:59,387 - src.bytecode_analyzer - INFO - Detected 138 jump targets
2025-10-19 15:30:59,388 - src.bytecode_analyzer - INFO - Constructed 136 basic blocks
2025-10-19 15:30:59,391 - src.bytecode_analyzer - INFO - Completed block relationship analysis
2025-10-19 15:30:59,394 - src.bytecode_analyzer - INFO - Completed advanced control flow analysis
2025-10-19 15:30:59,394 - __main__ - INFO - Parsing Solidity source for 0xc3cB0c0a97EcBfa6f693884F21765B70E394DeF0
2025-10-19 15:30:59,395 - __main__ - WARNING - No Solidity functions found for 0xc3cB0c0a97EcBfa6f693884F21765B70E394DeF0
2025-10-19 15:30:59,415 - __main__ - INFO - Analyzing bytecode for 0x93ab2D5c309c696167f381e9Bba972BF9Eaebb27
2025-10-19 15:30:59,415 - src.bytecode_analyzer - ERROR - Failed to parse bytecode: Non-hexadecimal digit found
2025-10-19 15:30:59,416 - __main__ - ERROR - Failed to create function pairs for 0x93ab2D5c309c696167f381e9Bba972BF9Eaebb27: Non-hexadecimal digit found
2025-10-19 15:30:59,416 - __main__ - ERROR - Error traceback: Traceback (most recent call last):
  File "C:\GIT\agorevski\A1.5_Smart_Contract_Bytecode_To_Code_Generator\src\dataset_pipeline.py", line 442, in _create_function_pairs
    analyzer = BytecodeAnalyzer(bytecode)
  File "C:\GIT\agorevski\A1.5_Smart_Contract_Bytecode_To_Code_Generator\src\bytecode_analyzer.py", line 96, in __init__
    self._parse_bytecode()
  File "C:\GIT\agorevski\A1.5_Smart_Contract_Bytecode_To_Code_Generator\src\bytecode_analyzer.py", line 105, in _parse_bytecode
    disassembly_str = pyevmasm.disassemble_hex(clean_bytecode)
  File "C:\Users\algore\AppData\Local\Programs\Python\Python39\lib\site-packages\pyevmasm\evmasm.py", line 616, in disassemble_hex
    bytecode = unhexlify(bytecode)
binascii.Error: Non-hexadecimal digit found

2025-10-19 15:30:59,427 - __main__ - INFO - Analyzing bytecode for 0x7C5a749d3F68DAA78Eb8578A7d5BD629C5e2c42b
2025-10-19 15:30:59,427 - src.bytecode_analyzer - ERROR - Failed to parse bytecode: Non-hexadecimal digit found
2025-10-19 15:30:59,427 - __main__ - ERROR - Failed to create function pairs for 0x7C5a749d3F68DAA78Eb8578A7d5BD629C5e2c42b: Non-hexadecimal digit found
2025-10-19 15:30:59,427 - __main__ - ERROR - Error traceback: Traceback (most recent call last):
  File "C:\GIT\agorevski\A1.5_Smart_Contract_Bytecode_To_Code_Generator\src\dataset_pipeline.py", line 442, in _create_function_pairs
    analyzer = BytecodeAnalyzer(bytecode)
  File "C:\GIT\agorevski\A1.5_Smart_Contract_Bytecode_To_Code_Generator\src\bytecode_analyzer.py", line 96, in __init__
    self._parse_bytecode()
  File "C:\GIT\agorevski\A1.5_Smart_Contract_Bytecode_To_Code_Generator\src\bytecode_analyzer.py", line 105, in _parse_bytecode
    disassembly_str = pyevmasm.disassemble_hex(clean_bytecode)
  File "C:\Users\algore\AppData\Local\Programs\Python\Python39\lib\site-packages\pyevmasm\evmasm.py", line 616, in disassemble_hex
    bytecode = unhexlify(bytecode)
binascii.Error: Non-hexadecimal digit found

2025-10-19 15:30:59,437 - __main__ - INFO - Analyzing bytecode for 0x9B708CdCef5e495b35814c855AC20eA695bC8D98
2025-10-19 15:30:59,437 - src.bytecode_analyzer - ERROR - Failed to parse bytecode: Non-hexadecimal digit found
2025-10-19 15:30:59,437 - __main__ - ERROR - Failed to create function pairs for 0x9B708CdCef5e495b35814c855AC20eA695bC8D98: Non-hexadecimal digit found
2025-10-19 15:30:59,438 - __main__ - ERROR - Error traceback: Traceback (most recent call last):
  File "C:\GIT\agorevski\A1.5_Smart_Contract_Bytecode_To_Code_Generator\src\dataset_pipeline.py", line 442, in _create_function_pairs
    analyzer = BytecodeAnalyzer(bytecode)
  File "C:\GIT\agorevski\A1.5_Smart_Contract_Bytecode_To_Code_Generator\src\bytecode_analyzer.py", line 96, in __init__
    self._parse_bytecode()
  File "C:\GIT\agorevski\A1.5_Smart_Contract_Bytecode_To_Code_Generator\src\bytecode_analyzer.py", line 105, in _parse_bytecode
    disassembly_str = pyevmasm.disassemble_hex(clean_bytecode)
  File "C:\Users\algore\AppData\Local\Programs\Python\Python39\lib\site-packages\pyevmasm\evmasm.py", line 616, in disassemble_hex
    bytecode = unhexlify(bytecode)
binascii.Error: Non-hexadecimal digit found

2025-10-19 15:30:59,445 - __main__ - INFO - Created 0 function pairs
2025-10-19 15:30:59,446 - __main__ - INFO - Created 0 function pairs
2025-10-19 15:30:59,446 - __main__ - WARNING - No function pairs created. Check logs for details.
2025-10-19 15:32:19,895 - __main__ - INFO - Starting contract collection...
2025-10-19 15:32:20,516 - __main__ - INFO - Collected 4 contracts out of 4 addresses
2025-10-19 15:32:20,516 - __main__ - INFO - Collected 4 contracts
2025-10-19 15:32:20,516 - __main__ - INFO - Creating function pairs...
2025-10-19 15:32:20,524 - __main__ - INFO - Analyzing bytecode for 0x7C5a749d3F68DAA78Eb8578A7d5BD629C5e2c42b
2025-10-19 15:32:20,524 - src.bytecode_analyzer - INFO - Parsed 8 instructions from bytecode
2025-10-19 15:32:20,524 - src.bytecode_analyzer - INFO - Starting comprehensive control flow analysis
2025-10-19 15:32:20,524 - src.bytecode_analyzer - INFO - Detected 8 jump targets
2025-10-19 15:32:20,524 - src.bytecode_analyzer - INFO - Constructed 8 basic blocks
2025-10-19 15:32:20,524 - src.bytecode_analyzer - INFO - Completed block relationship analysis
2025-10-19 15:32:20,524 - src.bytecode_analyzer - INFO - Completed advanced control flow analysis
2025-10-19 15:32:20,529 - __main__ - INFO - Parsing Solidity source for 0x7C5a749d3F68DAA78Eb8578A7d5BD629C5e2c42b
2025-10-19 15:32:20,529 - __main__ - WARNING - No Solidity functions found for 0x7C5a749d3F68DAA78Eb8578A7d5BD629C5e2c42b
2025-10-19 15:32:20,537 - __main__ - INFO - Analyzing bytecode for 0x93ab2D5c309c696167f381e9Bba972BF9Eaebb27
2025-10-19 15:32:20,550 - src.bytecode_analyzer - INFO - Parsed 2038 instructions from bytecode
2025-10-19 15:32:20,550 - src.bytecode_analyzer - INFO - Starting comprehensive control flow analysis
2025-10-19 15:32:20,555 - src.bytecode_analyzer - INFO - Detected 301 jump targets
2025-10-19 15:32:20,558 - src.bytecode_analyzer - INFO - Constructed 297 basic blocks
2025-10-19 15:32:20,566 - src.bytecode_analyzer - INFO - Completed block relationship analysis
2025-10-19 15:32:20,572 - src.bytecode_analyzer - INFO - Completed advanced control flow analysis
2025-10-19 15:32:20,573 - __main__ - INFO - Parsing Solidity source for 0x93ab2D5c309c696167f381e9Bba972BF9Eaebb27
2025-10-19 15:32:20,573 - __main__ - WARNING - No Solidity functions found for 0x93ab2D5c309c696167f381e9Bba972BF9Eaebb27
2025-10-19 15:32:20,583 - __main__ - INFO - Analyzing bytecode for 0xc3cB0c0a97EcBfa6f693884F21765B70E394DeF0
2025-10-19 15:32:20,583 - src.bytecode_analyzer - INFO - Parsed 8 instructions from bytecode
2025-10-19 15:32:20,584 - src.bytecode_analyzer - INFO - Starting comprehensive control flow analysis
2025-10-19 15:32:20,584 - src.bytecode_analyzer - INFO - Detected 8 jump targets
2025-10-19 15:32:20,584 - src.bytecode_analyzer - INFO - Constructed 8 basic blocks
2025-10-19 15:32:20,584 - src.bytecode_analyzer - INFO - Completed block relationship analysis
2025-10-19 15:32:20,585 - src.bytecode_analyzer - INFO - Completed advanced control flow analysis
2025-10-19 15:32:20,585 - __main__ - INFO - Parsing Solidity source for 0xc3cB0c0a97EcBfa6f693884F21765B70E394DeF0
2025-10-19 15:32:20,585 - __main__ - WARNING - No Solidity functions found for 0xc3cB0c0a97EcBfa6f693884F21765B70E394DeF0
2025-10-19 15:32:20,590 - __main__ - INFO - Analyzing bytecode for 0x9B708CdCef5e495b35814c855AC20eA695bC8D98
2025-10-19 15:32:20,597 - src.bytecode_analyzer - INFO - Parsed 8 instructions from bytecode
2025-10-19 15:32:20,597 - src.bytecode_analyzer - INFO - Starting comprehensive control flow analysis
2025-10-19 15:32:20,597 - src.bytecode_analyzer - INFO - Detected 8 jump targets
2025-10-19 15:32:20,598 - src.bytecode_analyzer - INFO - Constructed 8 basic blocks
2025-10-19 15:32:20,598 - src.bytecode_analyzer - INFO - Completed block relationship analysis
2025-10-19 15:32:20,599 - src.bytecode_analyzer - INFO - Completed advanced control flow analysis
2025-10-19 15:32:20,599 - __main__ - INFO - Parsing Solidity source for 0x9B708CdCef5e495b35814c855AC20eA695bC8D98
2025-10-19 15:32:20,599 - __main__ - WARNING - No Solidity functions found for 0x9B708CdCef5e495b35814c855AC20eA695bC8D98
2025-10-19 15:32:20,608 - __main__ - INFO - Created 0 function pairs
2025-10-19 15:32:20,608 - __main__ - INFO - Created 0 function pairs
2025-10-19 15:32:20,608 - __main__ - WARNING - No function pairs created. Check logs for details.
2025-10-19 20:13:29,485 - __main__ - INFO - Starting contract collection...
2025-10-19 20:13:30,150 - __main__ - INFO - Collected 4 contracts out of 4 addresses
2025-10-19 20:13:30,150 - __main__ - INFO - Collected 4 contracts
2025-10-19 20:13:30,150 - __main__ - INFO - Creating function pairs...
2025-10-19 20:13:30,152 - __main__ - INFO - Analyzing bytecode for 0xc3cB0c0a97EcBfa6f693884F21765B70E394DeF0
2025-10-19 20:13:30,154 - src.bytecode_analyzer - INFO - Parsed 1198 instructions from bytecode
2025-10-19 20:13:30,154 - src.bytecode_analyzer - INFO - Starting comprehensive control flow analysis
2025-10-19 20:13:30,156 - src.bytecode_analyzer - INFO - Detected 83 jump targets
2025-10-19 20:13:30,158 - src.bytecode_analyzer - INFO - Constructed 81 basic blocks
2025-10-19 20:13:30,163 - src.bytecode_analyzer - INFO - Completed block relationship analysis
2025-10-19 20:13:30,164 - src.bytecode_analyzer - INFO - Completed advanced control flow analysis
2025-10-19 20:13:30,164 - __main__ - INFO - Parsing Solidity source for 0xc3cB0c0a97EcBfa6f693884F21765B70E394DeF0
2025-10-19 20:13:30,165 - __main__ - WARNING - No Solidity functions found for 0xc3cB0c0a97EcBfa6f693884F21765B70E394DeF0
2025-10-19 20:13:30,172 - __main__ - INFO - Analyzing bytecode for 0x7C5a749d3F68DAA78Eb8578A7d5BD629C5e2c42b
2025-10-19 20:13:30,172 - src.bytecode_analyzer - INFO - Parsed 8 instructions from bytecode
2025-10-19 20:13:30,173 - src.bytecode_analyzer - INFO - Starting comprehensive control flow analysis
2025-10-19 20:13:30,173 - src.bytecode_analyzer - INFO - Detected 1 jump targets
2025-10-19 20:13:30,173 - src.bytecode_analyzer - INFO - Constructed 1 basic blocks
2025-10-19 20:13:30,173 - src.bytecode_analyzer - INFO - Completed block relationship analysis
2025-10-19 20:13:30,173 - src.bytecode_analyzer - INFO - Completed advanced control flow analysis
2025-10-19 20:13:30,174 - __main__ - INFO - Parsing Solidity source for 0x7C5a749d3F68DAA78Eb8578A7d5BD629C5e2c42b
2025-10-19 20:13:30,174 - __main__ - WARNING - No Solidity functions found for 0x7C5a749d3F68DAA78Eb8578A7d5BD629C5e2c42b
2025-10-19 20:13:30,179 - __main__ - INFO - Analyzing bytecode for 0x93ab2D5c309c696167f381e9Bba972BF9Eaebb27
2025-10-19 20:13:30,179 - src.bytecode_analyzer - INFO - Parsed 8 instructions from bytecode
2025-10-19 20:13:30,179 - src.bytecode_analyzer - INFO - Starting comprehensive control flow analysis
2025-10-19 20:13:30,180 - src.bytecode_analyzer - INFO - Detected 1 jump targets
2025-10-19 20:13:30,180 - src.bytecode_analyzer - INFO - Constructed 1 basic blocks
2025-10-19 20:13:30,180 - src.bytecode_analyzer - INFO - Completed block relationship analysis
2025-10-19 20:13:30,180 - src.bytecode_analyzer - INFO - Completed advanced control flow analysis
2025-10-19 20:13:30,180 - __main__ - INFO - Parsing Solidity source for 0x93ab2D5c309c696167f381e9Bba972BF9Eaebb27
2025-10-19 20:13:30,181 - __main__ - WARNING - No Solidity functions found for 0x93ab2D5c309c696167f381e9Bba972BF9Eaebb27
2025-10-19 20:13:30,185 - __main__ - INFO - Analyzing bytecode for 0x9B708CdCef5e495b35814c855AC20eA695bC8D98
2025-10-19 20:13:30,185 - src.bytecode_analyzer - INFO - Parsed 8 instructions from bytecode
2025-10-19 20:13:30,185 - src.bytecode_analyzer - INFO - Starting comprehensive control flow analysis
2025-10-19 20:13:30,185 - src.bytecode_analyzer - INFO - Detected 1 jump targets
2025-10-19 20:13:30,185 - src.bytecode_analyzer - INFO - Constructed 1 basic blocks
2025-10-19 20:13:30,185 - src.bytecode_analyzer - INFO - Completed block relationship analysis
2025-10-19 20:13:30,185 - src.bytecode_analyzer - INFO - Completed advanced control flow analysis
2025-10-19 20:13:30,185 - __main__ - INFO - Parsing Solidity source for 0x9B708CdCef5e495b35814c855AC20eA695bC8D98
2025-10-19 20:13:30,188 - __main__ - WARNING - No Solidity functions found for 0x9B708CdCef5e495b35814c855AC20eA695bC8D98
2025-10-19 20:13:30,194 - __main__ - INFO - Created 0 function pairs
2025-10-19 20:13:30,194 - __main__ - INFO - Created 0 function pairs
2025-10-19 20:13:30,194 - __main__ - WARNING - No function pairs created. Check logs for details.
2025-10-19 20:13:57,505 - __main__ - INFO - Creating function pairs...
2025-10-19 20:13:57,520 - __main__ - INFO - Created 0 function pairs
2025-10-19 20:13:57,520 - __main__ - INFO - Created 0 function pairs
2025-10-19 20:13:57,520 - __main__ - WARNING - No function pairs created. Check logs for details.
2025-10-19 20:14:18,035 - __main__ - INFO - Creating function pairs...
2025-10-19 20:14:37,202 - __main__ - INFO - Creating function pairs...
2025-10-19 20:14:52,621 - __main__ - INFO - Creating function pairs...
2025-10-19 20:14:52,632 - __main__ - INFO - Analyzing bytecode for 0xc3cB0c0a97EcBfa6f693884F21765B70E394DeF0
2025-10-19 20:14:52,680 - src.bytecode_analyzer - INFO - Parsed 1198 instructions from bytecode
2025-10-19 20:14:52,680 - src.bytecode_analyzer - INFO - Starting comprehensive control flow analysis
2025-10-19 20:14:52,682 - src.bytecode_analyzer - INFO - Detected 83 jump targets
2025-10-19 20:14:52,682 - src.bytecode_analyzer - INFO - Constructed 81 basic blocks
2025-10-19 20:14:52,687 - src.bytecode_analyzer - INFO - Completed block relationship analysis
2025-10-19 20:14:52,688 - src.bytecode_analyzer - INFO - Completed advanced control flow analysis
2025-10-19 20:14:52,688 - __main__ - INFO - Parsing Solidity source for 0xc3cB0c0a97EcBfa6f693884F21765B70E394DeF0
2025-10-19 20:14:52,689 - __main__ - WARNING - No Solidity functions found for 0xc3cB0c0a97EcBfa6f693884F21765B70E394DeF0
2025-10-19 20:14:52,689 - __main__ - INFO - Analyzing bytecode for 0x7C5a749d3F68DAA78Eb8578A7d5BD629C5e2c42b
2025-10-19 20:14:52,689 - src.bytecode_analyzer - INFO - Parsed 8 instructions from bytecode
2025-10-19 20:14:52,690 - src.bytecode_analyzer - INFO - Starting comprehensive control flow analysis
2025-10-19 20:14:52,690 - src.bytecode_analyzer - INFO - Detected 1 jump targets
2025-10-19 20:14:52,690 - src.bytecode_analyzer - INFO - Constructed 1 basic blocks
2025-10-19 20:14:52,690 - src.bytecode_analyzer - INFO - Completed block relationship analysis
2025-10-19 20:14:52,690 - src.bytecode_analyzer - INFO - Completed advanced control flow analysis
2025-10-19 20:14:52,690 - __main__ - INFO - Parsing Solidity source for 0x7C5a749d3F68DAA78Eb8578A7d5BD629C5e2c42b
2025-10-19 20:14:52,690 - __main__ - WARNING - No Solidity functions found for 0x7C5a749d3F68DAA78Eb8578A7d5BD629C5e2c42b
2025-10-19 20:14:52,690 - __main__ - INFO - Analyzing bytecode for 0x93ab2D5c309c696167f381e9Bba972BF9Eaebb27
2025-10-19 20:14:52,691 - src.bytecode_analyzer - INFO - Parsed 8 instructions from bytecode
2025-10-19 20:14:52,691 - src.bytecode_analyzer - INFO - Starting comprehensive control flow analysis
2025-10-19 20:14:52,691 - src.bytecode_analyzer - INFO - Detected 1 jump targets
2025-10-19 20:14:52,692 - src.bytecode_analyzer - INFO - Constructed 1 basic blocks
2025-10-19 20:14:52,692 - src.bytecode_analyzer - INFO - Completed block relationship analysis
2025-10-19 20:14:52,692 - src.bytecode_analyzer - INFO - Completed advanced control flow analysis
2025-10-19 20:14:52,692 - __main__ - INFO - Parsing Solidity source for 0x93ab2D5c309c696167f381e9Bba972BF9Eaebb27
2025-10-19 20:14:52,692 - __main__ - WARNING - No Solidity functions found for 0x93ab2D5c309c696167f381e9Bba972BF9Eaebb27
2025-10-19 20:14:52,693 - __main__ - INFO - Analyzing bytecode for 0x9B708CdCef5e495b35814c855AC20eA695bC8D98
2025-10-19 20:14:52,693 - src.bytecode_analyzer - INFO - Parsed 8 instructions from bytecode
2025-10-19 20:14:52,693 - src.bytecode_analyzer - INFO - Starting comprehensive control flow analysis
2025-10-19 20:14:52,694 - src.bytecode_analyzer - INFO - Detected 1 jump targets
2025-10-19 20:14:52,694 - src.bytecode_analyzer - INFO - Constructed 1 basic blocks
2025-10-19 20:14:52,694 - src.bytecode_analyzer - INFO - Completed block relationship analysis
2025-10-19 20:14:52,694 - src.bytecode_analyzer - INFO - Completed advanced control flow analysis
2025-10-19 20:14:52,694 - __main__ - INFO - Parsing Solidity source for 0x9B708CdCef5e495b35814c855AC20eA695bC8D98
2025-10-19 20:14:52,694 - __main__ - WARNING - No Solidity functions found for 0x9B708CdCef5e495b35814c855AC20eA695bC8D98
2025-10-19 20:14:52,695 - __main__ - INFO - Created 0 function pairs
2025-10-19 20:14:52,695 - __main__ - INFO - Created 0 function pairs
2025-10-19 20:14:52,695 - __main__ - WARNING - No function pairs created. Check logs for details.
2025-10-19 20:15:15,272 - __main__ - INFO - Creating function pairs...
2025-10-19 20:15:15,284 - __main__ - INFO - Analyzing bytecode for 0xc3cB0c0a97EcBfa6f693884F21765B70E394DeF0
2025-10-19 20:15:15,331 - src.bytecode_analyzer - INFO - Parsed 1198 instructions from bytecode
2025-10-19 20:15:15,331 - src.bytecode_analyzer - INFO - Starting comprehensive control flow analysis
2025-10-19 20:15:15,331 - src.bytecode_analyzer - INFO - Detected 83 jump targets
2025-10-19 20:15:15,331 - src.bytecode_analyzer - INFO - Constructed 81 basic blocks
2025-10-19 20:15:15,331 - src.bytecode_analyzer - INFO - Completed block relationship analysis
2025-10-19 20:15:15,339 - src.bytecode_analyzer - INFO - Completed advanced control flow analysis
2025-10-19 20:15:15,339 - __main__ - INFO - Parsing Solidity source for 0xc3cB0c0a97EcBfa6f693884F21765B70E394DeF0
2025-10-19 20:15:15,340 - __main__ - WARNING - No Solidity functions found for 0xc3cB0c0a97EcBfa6f693884F21765B70E394DeF0
2025-10-19 20:15:15,342 - __main__ - INFO - Analyzing bytecode for 0x7C5a749d3F68DAA78Eb8578A7d5BD629C5e2c42b
2025-10-19 20:15:15,342 - src.bytecode_analyzer - INFO - Parsed 8 instructions from bytecode
2025-10-19 20:15:15,342 - src.bytecode_analyzer - INFO - Starting comprehensive control flow analysis
2025-10-19 20:15:15,342 - src.bytecode_analyzer - INFO - Detected 1 jump targets
2025-10-19 20:15:15,342 - src.bytecode_analyzer - INFO - Constructed 1 basic blocks
2025-10-19 20:15:15,342 - src.bytecode_analyzer - INFO - Completed block relationship analysis
2025-10-19 20:15:15,342 - src.bytecode_analyzer - INFO - Completed advanced control flow analysis
2025-10-19 20:15:15,342 - __main__ - INFO - Parsing Solidity source for 0x7C5a749d3F68DAA78Eb8578A7d5BD629C5e2c42b
2025-10-19 20:15:15,343 - __main__ - WARNING - No Solidity functions found for 0x7C5a749d3F68DAA78Eb8578A7d5BD629C5e2c42b
2025-10-19 20:15:15,343 - __main__ - INFO - Analyzing bytecode for 0x93ab2D5c309c696167f381e9Bba972BF9Eaebb27
2025-10-19 20:15:15,343 - src.bytecode_analyzer - INFO - Parsed 8 instructions from bytecode
2025-10-19 20:15:15,343 - src.bytecode_analyzer - INFO - Starting comprehensive control flow analysis
2025-10-19 20:15:15,343 - src.bytecode_analyzer - INFO - Detected 1 jump targets
2025-10-19 20:15:15,344 - src.bytecode_analyzer - INFO - Constructed 1 basic blocks
2025-10-19 20:15:15,344 - src.bytecode_analyzer - INFO - Completed block relationship analysis
2025-10-19 20:15:15,344 - src.bytecode_analyzer - INFO - Completed advanced control flow analysis
2025-10-19 20:15:15,344 - __main__ - INFO - Parsing Solidity source for 0x93ab2D5c309c696167f381e9Bba972BF9Eaebb27
2025-10-19 20:15:15,344 - __main__ - WARNING - No Solidity functions found for 0x93ab2D5c309c696167f381e9Bba972BF9Eaebb27
2025-10-19 20:15:15,344 - __main__ - INFO - Analyzing bytecode for 0x9B708CdCef5e495b35814c855AC20eA695bC8D98
2025-10-19 20:15:15,345 - src.bytecode_analyzer - INFO - Parsed 8 instructions from bytecode
2025-10-19 20:15:15,345 - src.bytecode_analyzer - INFO - Starting comprehensive control flow analysis
2025-10-19 20:15:15,345 - src.bytecode_analyzer - INFO - Detected 1 jump targets
2025-10-19 20:15:15,345 - src.bytecode_analyzer - INFO - Constructed 1 basic blocks
2025-10-19 20:15:15,345 - src.bytecode_analyzer - INFO - Completed block relationship analysis
2025-10-19 20:15:15,345 - src.bytecode_analyzer - INFO - Completed advanced control flow analysis
2025-10-19 20:15:15,345 - __main__ - INFO - Parsing Solidity source for 0x9B708CdCef5e495b35814c855AC20eA695bC8D98
2025-10-19 20:15:15,345 - __main__ - WARNING - No Solidity functions found for 0x9B708CdCef5e495b35814c855AC20eA695bC8D98
2025-10-19 20:15:15,345 - __main__ - INFO - Created 0 function pairs
2025-10-19 20:15:15,345 - __main__ - INFO - Created 0 function pairs
2025-10-19 20:15:15,345 - __main__ - WARNING - No function pairs created. Check logs for details.
2025-10-19 20:18:13,107 - __main__ - INFO - Starting contract collection...
2025-10-19 20:18:13,513 - __main__ - INFO - Collected 0 contracts out of 1 addresses
2025-10-19 20:18:13,513 - __main__ - INFO - Collected 0 contracts
2025-10-19 20:18:13,513 - __main__ - WARNING - No contracts collected. Check API key and contract addresses.
2025-10-19 20:20:00,860 - __main__ - INFO - Starting contract collection...
2025-10-19 20:20:01,304 - __main__ - INFO - Collected 0 contracts out of 1 addresses
2025-10-19 20:20:01,304 - __main__ - INFO - Collected 0 contracts
2025-10-19 20:20:01,306 - __main__ - WARNING - No contracts collected. Check API key and contract addresses.
2025-10-19 20:20:41,092 - __main__ - INFO - Starting contract collection...
2025-10-19 20:20:41,925 - __main__ - INFO - Collected 0 contracts out of 1 addresses
2025-10-19 20:20:42,353 - __main__ - INFO - Collected 0 contracts
2025-10-19 20:21:30,634 - __main__ - INFO - Starting contract collection...
2025-10-19 20:22:11,085 - __main__ - INFO - Collected 0 contracts out of 1 addresses
2025-10-19 20:22:11,086 - __main__ - INFO - Collected 0 contracts
2025-10-19 20:22:33,024 - __main__ - INFO - Starting contract collection...
2025-10-19 20:23:06,601 - __main__ - INFO - Collected 1 contracts out of 1 addresses
2025-10-19 20:23:06,605 - __main__ - INFO - Collected 1 contracts
2025-10-19 20:23:08,071 - __main__ - INFO - Creating function pairs...
2025-10-19 20:23:26,368 - __main__ - INFO - Analyzing bytecode for 0xF735732D923E758b59e11445E491403a0290f791
2025-10-19 20:30:06,217 - __main__ - INFO - Starting contract collection...
2025-10-19 20:30:06,734 - __main__ - INFO - Collected 1 contracts out of 1 addresses
2025-10-19 20:30:06,734 - __main__ - INFO - Collected 1 contracts
2025-10-19 20:30:06,734 - __main__ - INFO - Creating function pairs...
2025-10-19 20:30:06,735 - __main__ - INFO - Analyzing bytecode for 0xF735732D923E758b59e11445E491403a0290f791
2025-10-19 20:30:06,755 - src.bytecode_analyzer - INFO - Parsed 4427 instructions from bytecode
2025-10-19 20:30:06,756 - src.bytecode_analyzer - INFO - Starting comprehensive control flow analysis
2025-10-19 20:30:06,771 - src.bytecode_analyzer - INFO - Detected 1 jump targets
2025-10-19 20:30:06,779 - src.bytecode_analyzer - INFO - Constructed 1 basic blocks
2025-10-19 20:30:06,782 - src.bytecode_analyzer - INFO - Completed block relationship analysis
2025-10-19 20:30:06,782 - src.bytecode_analyzer - INFO - Completed advanced control flow analysis
2025-10-19 20:30:06,785 - __main__ - INFO - Parsing Solidity source for 0xF735732D923E758b59e11445E491403a0290f791
2025-10-19 20:30:06,786 - __main__ - WARNING - No Solidity functions found for 0xF735732D923E758b59e11445E491403a0290f791
2025-10-19 20:30:06,792 - __main__ - INFO - Created 0 function pairs
2025-10-19 20:30:06,793 - __main__ - INFO - Created 0 function pairs
2025-10-19 20:30:06,793 - __main__ - WARNING - No function pairs created. Check logs for details.
2025-10-19 20:30:54,562 - __main__ - INFO - Creating function pairs...
2025-10-19 20:30:54,581 - __main__ - INFO - Analyzing bytecode for 0xF735732D923E758b59e11445E491403a0290f791
2025-10-19 20:30:54,645 - src.bytecode_analyzer - INFO - Parsed 4427 instructions from bytecode
2025-10-19 20:30:54,646 - src.bytecode_analyzer - INFO - Starting comprehensive control flow analysis
2025-10-19 20:30:54,655 - src.bytecode_analyzer - INFO - Detected 1 jump targets
2025-10-19 20:30:54,667 - src.bytecode_analyzer - INFO - Constructed 1 basic blocks
2025-10-19 20:30:54,668 - src.bytecode_analyzer - INFO - Completed block relationship analysis
2025-10-19 20:30:54,669 - src.bytecode_analyzer - INFO - Completed advanced control flow analysis
2025-10-19 20:30:54,673 - __main__ - INFO - Parsing Solidity source for 0xF735732D923E758b59e11445E491403a0290f791
2025-10-19 20:30:54,673 - __main__ - WARNING - No Solidity functions found for 0xF735732D923E758b59e11445E491403a0290f791
2025-10-19 20:30:54,674 - __main__ - INFO - Created 0 function pairs
2025-10-19 20:30:54,674 - __main__ - INFO - Created 0 function pairs
2025-10-19 20:30:54,674 - __main__ - WARNING - No function pairs created. Check logs for details.
2025-10-19 20:34:00,301 - __main__ - INFO - Creating function pairs...
2025-10-19 20:34:00,320 - __main__ - INFO - Analyzing bytecode for 0xF735732D923E758b59e11445E491403a0290f791
2025-10-19 20:34:00,379 - src.bytecode_analyzer - INFO - Parsed 4427 instructions from bytecode
2025-10-19 20:34:00,379 - src.bytecode_analyzer - INFO - Starting comprehensive control flow analysis
2025-10-19 20:34:00,397 - src.bytecode_analyzer - INFO - Detected 1 jump targets
2025-10-19 20:34:00,399 - src.bytecode_analyzer - INFO - Constructed 1 basic blocks
2025-10-19 20:34:00,406 - src.bytecode_analyzer - INFO - Completed block relationship analysis
2025-10-19 20:34:00,406 - src.bytecode_analyzer - INFO - Completed advanced control flow analysis
2025-10-19 20:34:00,409 - __main__ - INFO - Parsing Solidity source for 0xF735732D923E758b59e11445E491403a0290f791
2025-10-19 20:34:00,417 - __main__ - INFO - Matched 0 functions for 0xF735732D923E758b59e11445E491403a0290f791
2025-10-19 20:34:00,417 - __main__ - INFO - No matched functions, creating whole-contract pair for 0xF735732D923E758b59e11445E491403a0290f791
2025-10-19 20:34:00,417 - src.bytecode_analyzer - INFO - Starting comprehensive TAC generation with control flow analysis
2025-10-19 20:34:00,417 - src.bytecode_analyzer - INFO - Starting comprehensive control flow analysis
2025-10-19 20:34:00,431 - src.bytecode_analyzer - INFO - Detected 1 jump targets
2025-10-19 20:34:00,438 - src.bytecode_analyzer - INFO - Constructed 1 basic blocks
2025-10-19 20:34:00,440 - src.bytecode_analyzer - INFO - Completed block relationship analysis
2025-10-19 20:34:00,440 - src.bytecode_analyzer - INFO - Completed advanced control flow analysis
2025-10-19 20:34:00,470 - __main__ - INFO - Created 1 function pairs
2025-10-19 20:34:00,470 - __main__ - INFO - Created 1 function pairs
2025-10-19 20:34:00,470 - __main__ - INFO - Filtering dataset...
2025-10-19 20:34:00,480 - __main__ - INFO - Dataset filtered to 0 function pairs
2025-10-19 20:34:00,480 - __main__ - INFO - Filtered to 0 function pairs
2025-10-19 20:34:00,480 - __main__ - INFO - Exporting dataset...
2025-10-19 20:34:00,488 - __main__ - INFO - Dataset exported to data\smart_contract_dataset_20251019_203400.jsonl
2025-10-19 20:34:00,489 - __main__ - INFO - Dataset exported to data\smart_contract_dataset_20251019_203400.jsonl
2025-10-19 20:34:00,490 - __main__ - INFO - 
Dataset Statistics:
2025-10-19 20:34:00,490 - __main__ - INFO - total_contracts: 1
2025-10-19 20:34:00,490 - __main__ - INFO - total_function_pairs: 0
2025-10-19 20:34:00,491 - __main__ - INFO - visibility_distribution: {}
2025-10-19 20:34:00,491 - __main__ - INFO - length_statistics: {'avg_solidity_length': None, 'avg_tac_length': None, 'min_solidity_length': None, 'max_solidity_length': None}
2025-10-19 20:40:21,515 - __main__ - INFO - Starting contract collection...
2025-10-19 20:40:22,074 - __main__ - INFO - Collected 1 contracts out of 1 addresses
2025-10-19 20:40:22,074 - __main__ - INFO - Collected 1 contracts
2025-10-19 20:40:22,074 - __main__ - INFO - Creating function pairs...
2025-10-19 20:40:22,074 - __main__ - INFO - Analyzing bytecode for 0xB338C983a092eD49DAdDB8210b528eC181585956
2025-10-19 20:40:22,098 - src.bytecode_analyzer - INFO - Parsed 4702 instructions from bytecode
2025-10-19 20:40:22,098 - src.bytecode_analyzer - INFO - Starting comprehensive control flow analysis
2025-10-19 20:40:22,115 - src.bytecode_analyzer - INFO - Detected 1 jump targets
2025-10-19 20:40:22,123 - src.bytecode_analyzer - INFO - Constructed 1 basic blocks
2025-10-19 20:40:22,125 - src.bytecode_analyzer - INFO - Completed block relationship analysis
2025-10-19 20:40:22,126 - src.bytecode_analyzer - INFO - Completed advanced control flow analysis
2025-10-19 20:40:22,126 - src.bytecode_analyzer - INFO - Identifying functions from bytecode dispatcher
2025-10-19 20:40:22,131 - src.bytecode_analyzer - INFO - Identified 0 functions from dispatcher
2025-10-19 20:40:22,131 - src.bytecode_analyzer - INFO - No functions found - created fallback function
2025-10-19 20:40:22,131 - __main__ - INFO - Parsing Solidity source for 0xB338C983a092eD49DAdDB8210b528eC181585956
2025-10-19 20:40:22,161 - __main__ - INFO - Matched 0 functions for 0xB338C983a092eD49DAdDB8210b528eC181585956
2025-10-19 20:40:22,161 - __main__ - INFO - No matched functions, creating whole-contract pair for 0xB338C983a092eD49DAdDB8210b528eC181585956
2025-10-19 20:40:22,161 - src.bytecode_analyzer - INFO - Starting comprehensive TAC generation with control flow analysis
2025-10-19 20:40:22,164 - src.bytecode_analyzer - INFO - Starting comprehensive control flow analysis
2025-10-19 20:40:22,178 - src.bytecode_analyzer - INFO - Detected 1 jump targets
2025-10-19 20:40:22,189 - src.bytecode_analyzer - INFO - Constructed 1 basic blocks
2025-10-19 20:40:22,190 - src.bytecode_analyzer - INFO - Completed block relationship analysis
2025-10-19 20:40:22,191 - src.bytecode_analyzer - INFO - Completed advanced control flow analysis
2025-10-19 20:40:22,191 - src.bytecode_analyzer - INFO - Identifying functions from bytecode dispatcher
2025-10-19 20:40:22,195 - src.bytecode_analyzer - INFO - Identified 0 functions from dispatcher
2025-10-19 20:40:22,195 - src.bytecode_analyzer - INFO - No functions found - created fallback function
2025-10-19 20:40:22,227 - __main__ - INFO - Created 1 function pairs
2025-10-19 20:40:22,228 - __main__ - INFO - Created 1 function pairs
2025-10-19 20:40:22,228 - __main__ - INFO - Filtering dataset...
2025-10-19 20:40:22,231 - __main__ - INFO - Dataset filtered to 0 function pairs
2025-10-19 20:40:22,237 - __main__ - INFO - Filtered to 0 function pairs
2025-10-19 20:40:22,237 - __main__ - INFO - Exporting dataset...
2025-10-19 20:40:22,245 - __main__ - INFO - Dataset exported to data\smart_contract_dataset_20251019_204022.jsonl
2025-10-19 20:40:22,245 - __main__ - INFO - Dataset exported to data\smart_contract_dataset_20251019_204022.jsonl
2025-10-19 20:40:22,246 - __main__ - INFO - 
Dataset Statistics:
2025-10-19 20:40:22,246 - __main__ - INFO - total_contracts: 1
2025-10-19 20:40:22,246 - __main__ - INFO - total_function_pairs: 0
2025-10-19 20:40:22,248 - __main__ - INFO - visibility_distribution: {}
2025-10-19 20:40:22,248 - __main__ - INFO - length_statistics: {'avg_solidity_length': None, 'avg_tac_length': None, 'min_solidity_length': None, 'max_solidity_length': None}
2025-10-19 20:40:40,341 - __main__ - INFO - Starting contract collection...
2025-10-19 20:40:40,869 - __main__ - INFO - Collected 1 contracts out of 1 addresses
2025-10-19 20:40:40,869 - __main__ - INFO - Collected 1 contracts
2025-10-19 20:40:40,869 - __main__ - INFO - Creating function pairs...
2025-10-19 20:40:40,872 - __main__ - INFO - Analyzing bytecode for 0x183c1c01832b3fC9547f7036ebe7cA78fF57D783
2025-10-19 20:40:40,873 - src.bytecode_analyzer - INFO - Parsed 340 instructions from bytecode
2025-10-19 20:40:40,873 - src.bytecode_analyzer - INFO - Starting comprehensive control flow analysis
2025-10-19 20:40:40,873 - src.bytecode_analyzer - INFO - Detected 1 jump targets
2025-10-19 20:40:40,877 - src.bytecode_analyzer - INFO - Constructed 1 basic blocks
2025-10-19 20:40:40,877 - src.bytecode_analyzer - INFO - Completed block relationship analysis
2025-10-19 20:40:40,877 - src.bytecode_analyzer - INFO - Completed advanced control flow analysis
2025-10-19 20:40:40,877 - src.bytecode_analyzer - INFO - Identifying functions from bytecode dispatcher
2025-10-19 20:40:40,878 - src.bytecode_analyzer - INFO - Identified 0 functions from dispatcher
2025-10-19 20:40:40,878 - src.bytecode_analyzer - INFO - No functions found - created fallback function
2025-10-19 20:40:40,878 - __main__ - INFO - Parsing Solidity source for 0x183c1c01832b3fC9547f7036ebe7cA78fF57D783
2025-10-19 20:40:40,896 - __main__ - INFO - Matched 0 functions for 0x183c1c01832b3fC9547f7036ebe7cA78fF57D783
2025-10-19 20:40:40,896 - __main__ - INFO - No matched functions, creating whole-contract pair for 0x183c1c01832b3fC9547f7036ebe7cA78fF57D783
2025-10-19 20:40:40,897 - src.bytecode_analyzer - INFO - Starting comprehensive TAC generation with control flow analysis
2025-10-19 20:40:40,897 - src.bytecode_analyzer - INFO - Starting comprehensive control flow analysis
2025-10-19 20:40:40,898 - src.bytecode_analyzer - INFO - Detected 1 jump targets
2025-10-19 20:40:40,899 - src.bytecode_analyzer - INFO - Constructed 1 basic blocks
2025-10-19 20:40:40,899 - src.bytecode_analyzer - INFO - Completed block relationship analysis
2025-10-19 20:40:40,900 - src.bytecode_analyzer - INFO - Completed advanced control flow analysis
2025-10-19 20:40:40,900 - src.bytecode_analyzer - INFO - Identifying functions from bytecode dispatcher
2025-10-19 20:40:40,900 - src.bytecode_analyzer - INFO - Identified 0 functions from dispatcher
2025-10-19 20:40:40,900 - src.bytecode_analyzer - INFO - No functions found - created fallback function
2025-10-19 20:40:40,915 - __main__ - INFO - Created 1 function pairs
2025-10-19 20:40:40,915 - __main__ - INFO - Created 1 function pairs
2025-10-19 20:40:40,915 - __main__ - INFO - Filtering dataset...
2025-10-19 20:40:40,918 - __main__ - INFO - Dataset filtered to 1 function pairs
2025-10-19 20:40:40,918 - __main__ - INFO - Filtered to 1 function pairs
2025-10-19 20:40:40,918 - __main__ - INFO - Exporting dataset...
2025-10-19 20:40:40,922 - __main__ - INFO - Dataset exported to data\smart_contract_dataset_20251019_204040.jsonl
2025-10-19 20:40:40,923 - __main__ - INFO - Dataset exported to data\smart_contract_dataset_20251019_204040.jsonl
2025-10-19 20:40:40,924 - __main__ - INFO - 
Dataset Statistics:
2025-10-19 20:40:40,925 - __main__ - INFO - total_contracts: 1
2025-10-19 20:40:40,925 - __main__ - INFO - total_function_pairs: 1
2025-10-19 20:40:40,925 - __main__ - INFO - visibility_distribution: {'public': 1}
2025-10-19 20:40:40,925 - __main__ - INFO - length_statistics: {'avg_solidity_length': 18842.0, 'avg_tac_length': 9463.0, 'min_solidity_length': 18842, 'max_solidity_length': 18842}
2025-10-19 20:43:42,737 - __main__ - INFO - Starting contract collection...
2025-10-19 20:43:43,254 - __main__ - INFO - Collected 1 contracts out of 1 addresses
2025-10-19 20:43:43,254 - __main__ - INFO - Collected 1 contracts
2025-10-19 20:43:43,256 - __main__ - INFO - Creating function pairs...
2025-10-19 20:43:43,258 - __main__ - INFO - Analyzing bytecode for 0x183c1c01832b3fC9547f7036ebe7cA78fF57D783
2025-10-19 20:43:43,260 - evmdasm.disassembler - ERROR - invalid instruction: PUSH32
2025-10-19 20:43:43,261 - src.bytecode_analyzer - INFO - Parsed 153 instructions from bytecode
2025-10-19 20:43:43,261 - src.bytecode_analyzer - INFO - Starting comprehensive control flow analysis
2025-10-19 20:43:43,261 - src.bytecode_analyzer - INFO - Detected 22 jump targets
2025-10-19 20:43:43,262 - src.bytecode_analyzer - INFO - Constructed 22 basic blocks
2025-10-19 20:43:43,262 - src.bytecode_analyzer - INFO - Completed block relationship analysis
2025-10-19 20:43:43,263 - src.bytecode_analyzer - INFO - Completed advanced control flow analysis
2025-10-19 20:43:43,263 - src.bytecode_analyzer - INFO - Identifying functions from bytecode dispatcher
2025-10-19 20:43:43,264 - src.bytecode_analyzer - INFO - Identified 1 functions from dispatcher
2025-10-19 20:43:43,264 - __main__ - INFO - Parsing Solidity source for 0x183c1c01832b3fC9547f7036ebe7cA78fF57D783
2025-10-19 20:43:43,278 - __main__ - INFO - Matched 1 functions for 0x183c1c01832b3fC9547f7036ebe7cA78fF57D783
2025-10-19 20:43:43,294 - __main__ - INFO - Created 1 function pairs
2025-10-19 20:43:43,294 - __main__ - INFO - Created 1 function pairs
2025-10-19 20:43:43,294 - __main__ - INFO - Filtering dataset...
2025-10-19 20:43:43,297 - __main__ - INFO - Dataset filtered to 2 function pairs
2025-10-19 20:43:43,297 - __main__ - INFO - Filtered to 2 function pairs
2025-10-19 20:43:43,297 - __main__ - INFO - Exporting dataset...
2025-10-19 20:43:43,297 - __main__ - INFO - Dataset exported to data\smart_contract_dataset_20251019_204343.jsonl
2025-10-19 20:43:43,297 - __main__ - INFO - Dataset exported to data\smart_contract_dataset_20251019_204343.jsonl
2025-10-19 20:43:43,304 - __main__ - INFO - 
Dataset Statistics:
2025-10-19 20:43:43,304 - __main__ - INFO - total_contracts: 1
2025-10-19 20:43:43,304 - __main__ - INFO - total_function_pairs: 2
2025-10-19 20:43:43,304 - __main__ - INFO - visibility_distribution: {'public': 2}
2025-10-19 20:43:43,304 - __main__ - INFO - length_statistics: {'avg_solidity_length': 9469.5, 'avg_tac_length': 4781.0, 'min_solidity_length': 97, 'max_solidity_length': 18842}
2025-10-19 20:45:30,918 - __main__ - INFO - Starting contract collection...
2025-10-19 20:45:31,420 - __main__ - INFO - Collected 1 contracts out of 1 addresses
2025-10-19 20:45:31,420 - __main__ - INFO - Collected 1 contracts
2025-10-19 20:45:31,420 - __main__ - INFO - Creating function pairs...
2025-10-19 20:45:31,420 - __main__ - INFO - Analyzing bytecode for 0x183c1c01832b3fC9547f7036ebe7cA78fF57D783
2025-10-19 20:45:31,420 - evmdasm.disassembler - ERROR - invalid instruction: PUSH32
2025-10-19 20:45:31,420 - src.bytecode_analyzer - INFO - Parsed 153 instructions from bytecode
2025-10-19 20:45:31,420 - src.bytecode_analyzer - INFO - Starting comprehensive control flow analysis
2025-10-19 20:45:31,420 - src.bytecode_analyzer - INFO - Detected 22 jump targets
2025-10-19 20:45:31,427 - src.bytecode_analyzer - INFO - Constructed 22 basic blocks
2025-10-19 20:45:31,428 - src.bytecode_analyzer - INFO - Completed block relationship analysis
2025-10-19 20:45:31,429 - src.bytecode_analyzer - INFO - Completed advanced control flow analysis
2025-10-19 20:45:31,429 - src.bytecode_analyzer - INFO - Identifying functions from bytecode dispatcher
2025-10-19 20:45:31,429 - src.bytecode_analyzer - INFO - Identified 1 functions from dispatcher
2025-10-19 20:45:31,429 - __main__ - INFO - Parsing Solidity source for 0x183c1c01832b3fC9547f7036ebe7cA78fF57D783
2025-10-19 20:45:31,445 - __main__ - INFO - Matched 1 functions for 0x183c1c01832b3fC9547f7036ebe7cA78fF57D783
2025-10-19 20:45:31,449 - __main__ - INFO - Created 1 function pairs
2025-10-19 20:45:31,449 - __main__ - INFO - Created 1 function pairs
2025-10-19 20:45:31,449 - __main__ - INFO - Filtering dataset...
2025-10-19 20:45:31,458 - __main__ - INFO - Dataset filtered to 2 function pairs
2025-10-19 20:45:31,458 - __main__ - INFO - Filtered to 2 function pairs
2025-10-19 20:45:31,458 - __main__ - INFO - Exporting dataset...
2025-10-19 20:45:31,462 - __main__ - INFO - Dataset exported to data\smart_contract_dataset_20251019_204531.jsonl
2025-10-19 20:45:31,462 - __main__ - INFO - Dataset exported to data\smart_contract_dataset_20251019_204531.jsonl
2025-10-19 20:45:31,464 - __main__ - INFO - 
Dataset Statistics:
2025-10-19 20:45:31,464 - __main__ - INFO - total_contracts: 1
2025-10-19 20:45:31,464 - __main__ - INFO - total_function_pairs: 2
2025-10-19 20:45:31,464 - __main__ - INFO - visibility_distribution: {'public': 2}
2025-10-19 20:45:31,464 - __main__ - INFO - length_statistics: {'avg_solidity_length': 9469.5, 'avg_tac_length': 4781.0, 'min_solidity_length': 97, 'max_solidity_length': 18842}
2025-10-19 20:46:06,339 - __main__ - INFO - Starting contract collection...
2025-10-19 20:46:06,878 - __main__ - INFO - Collected 3 contracts out of 3 addresses
2025-10-19 20:46:06,878 - __main__ - INFO - Collected 3 contracts
2025-10-19 20:46:06,878 - __main__ - INFO - Creating function pairs...
2025-10-19 20:46:06,878 - __main__ - INFO - Analyzing bytecode for 0x183c1c01832b3fC9547f7036ebe7cA78fF57D783
2025-10-19 20:46:06,887 - evmdasm.disassembler - ERROR - invalid instruction: PUSH32
2025-10-19 20:46:06,887 - src.bytecode_analyzer - INFO - Parsed 153 instructions from bytecode
2025-10-19 20:46:06,887 - src.bytecode_analyzer - INFO - Starting comprehensive control flow analysis
2025-10-19 20:46:06,889 - src.bytecode_analyzer - INFO - Detected 22 jump targets
2025-10-19 20:46:06,889 - src.bytecode_analyzer - INFO - Constructed 22 basic blocks
2025-10-19 20:46:06,890 - src.bytecode_analyzer - INFO - Completed block relationship analysis
2025-10-19 20:46:06,891 - src.bytecode_analyzer - INFO - Completed advanced control flow analysis
2025-10-19 20:46:06,891 - src.bytecode_analyzer - INFO - Identifying functions from bytecode dispatcher
2025-10-19 20:46:06,891 - src.bytecode_analyzer - INFO - Identified 1 functions from dispatcher
2025-10-19 20:46:06,891 - __main__ - INFO - Parsing Solidity source for 0x183c1c01832b3fC9547f7036ebe7cA78fF57D783
2025-10-19 20:46:06,908 - __main__ - INFO - Matched 1 functions for 0x183c1c01832b3fC9547f7036ebe7cA78fF57D783
2025-10-19 20:46:06,912 - __main__ - INFO - Analyzing bytecode for 0xF735732D923E758b59e11445E491403a0290f791
2025-10-19 20:46:06,929 - evmdasm.disassembler - ERROR - invalid instruction: PUSH20
2025-10-19 20:46:06,929 - src.bytecode_analyzer - INFO - Parsed 2035 instructions from bytecode
2025-10-19 20:46:06,929 - src.bytecode_analyzer - INFO - Starting comprehensive control flow analysis
2025-10-19 20:46:06,929 - src.bytecode_analyzer - INFO - Detected 217 jump targets
2025-10-19 20:46:06,938 - src.bytecode_analyzer - INFO - Constructed 217 basic blocks
2025-10-19 20:46:06,960 - src.bytecode_analyzer - INFO - Completed block relationship analysis
2025-10-19 20:46:06,960 - src.bytecode_analyzer - INFO - Completed advanced control flow analysis
2025-10-19 20:46:06,960 - src.bytecode_analyzer - INFO - Identifying functions from bytecode dispatcher
2025-10-19 20:46:06,970 - src.bytecode_analyzer - INFO - Identified 13 functions from dispatcher
2025-10-19 20:46:06,970 - __main__ - INFO - Parsing Solidity source for 0xF735732D923E758b59e11445E491403a0290f791
2025-10-19 20:46:06,974 - __main__ - INFO - Matched 2 functions for 0xF735732D923E758b59e11445E491403a0290f791
2025-10-19 20:46:06,994 - __main__ - INFO - Analyzing bytecode for 0x155227B89B27d809bac144448b255cbd0CEa3AFd
2025-10-19 20:46:06,994 - src.bytecode_analyzer - ERROR - Failed to parse bytecode: invalid input format. hexstring (0x<hexstr>) or bytes accepted. 'Max calls per sec rate limit reached (5/sec)'
2025-10-19 20:46:06,994 - src.bytecode_analyzer - INFO - Starting comprehensive control flow analysis
2025-10-19 20:46:06,994 - src.bytecode_analyzer - INFO - Detected 0 jump targets
2025-10-19 20:46:06,994 - src.bytecode_analyzer - INFO - Constructed 0 basic blocks
2025-10-19 20:46:06,994 - src.bytecode_analyzer - INFO - Completed block relationship analysis
2025-10-19 20:46:06,994 - src.bytecode_analyzer - INFO - Completed advanced control flow analysis
2025-10-19 20:46:06,994 - src.bytecode_analyzer - INFO - Identifying functions from bytecode dispatcher
2025-10-19 20:46:06,994 - src.bytecode_analyzer - INFO - Identified 0 functions from dispatcher
2025-10-19 20:46:06,994 - __main__ - INFO - Parsing Solidity source for 0x155227B89B27d809bac144448b255cbd0CEa3AFd
2025-10-19 20:46:07,009 - __main__ - INFO - Matched 0 functions for 0x155227B89B27d809bac144448b255cbd0CEa3AFd
2025-10-19 20:46:07,009 - __main__ - INFO - No matched functions, creating whole-contract pair for 0x155227B89B27d809bac144448b255cbd0CEa3AFd
2025-10-19 20:46:07,009 - src.bytecode_analyzer - INFO - Starting comprehensive TAC generation with control flow analysis
2025-10-19 20:46:07,010 - src.bytecode_analyzer - INFO - Starting comprehensive control flow analysis
2025-10-19 20:46:07,010 - src.bytecode_analyzer - INFO - Detected 0 jump targets
2025-10-19 20:46:07,010 - src.bytecode_analyzer - INFO - Constructed 0 basic blocks
2025-10-19 20:46:07,010 - src.bytecode_analyzer - INFO - Completed block relationship analysis
2025-10-19 20:46:07,010 - src.bytecode_analyzer - INFO - Completed advanced control flow analysis
2025-10-19 20:46:07,010 - src.bytecode_analyzer - INFO - Identifying functions from bytecode dispatcher
2025-10-19 20:46:07,010 - src.bytecode_analyzer - INFO - Identified 0 functions from dispatcher
2025-10-19 20:46:07,024 - __main__ - INFO - Created 4 function pairs
2025-10-19 20:46:07,024 - __main__ - INFO - Created 4 function pairs
2025-10-19 20:46:07,025 - __main__ - INFO - Filtering dataset...
2025-10-19 20:46:07,027 - __main__ - INFO - Dataset filtered to 5 function pairs
2025-10-19 20:46:07,027 - __main__ - INFO - Filtered to 5 function pairs
2025-10-19 20:46:07,027 - __main__ - INFO - Exporting dataset...
2025-10-19 20:46:07,033 - __main__ - INFO - Dataset exported to data\smart_contract_dataset_20251019_204607.jsonl
2025-10-19 20:46:07,033 - __main__ - INFO - Dataset exported to data\smart_contract_dataset_20251019_204607.jsonl
2025-10-19 20:46:07,034 - __main__ - INFO - 
Dataset Statistics:
2025-10-19 20:46:07,035 - __main__ - INFO - total_contracts: 3
2025-10-19 20:46:07,035 - __main__ - INFO - total_function_pairs: 5
2025-10-19 20:46:07,035 - __main__ - INFO - visibility_distribution: {'public': 5}
2025-10-19 20:46:07,035 - __main__ - INFO - length_statistics: {'avg_solidity_length': 6269.6, 'avg_tac_length': 2232.4, 'min_solidity_length': 89, 'max_solidity_length': 18842}
