2025-09-05 14:46:21,278 - src.bytecode_analyzer - INFO - Parsed 2774 instructions from bytecode
2025-09-05 14:46:21,284 - sentence_transformers.SentenceTransformer - INFO - Use pytorch device_name: cpu
2025-09-05 14:46:21,285 - sentence_transformers.SentenceTransformer - INFO - Load pretrained SentenceTransformer: all-MiniLM-L6-v2
2025-09-05 14:46:39,524 - absl - INFO - Using default tokenizer.
2025-09-05 14:47:25,977 - src.bytecode_analyzer - INFO - Parsed 2774 instructions from bytecode
2025-09-05 14:47:25,983 - sentence_transformers.SentenceTransformer - INFO - Use pytorch device_name: cpu
2025-09-05 14:47:25,983 - sentence_transformers.SentenceTransformer - INFO - Load pretrained SentenceTransformer: all-MiniLM-L6-v2
2025-09-05 14:47:27,708 - absl - INFO - Using default tokenizer.
2025-09-05 14:49:05,978 - src.bytecode_analyzer - INFO - Parsed 2774 instructions from bytecode
2025-09-05 14:49:05,985 - sentence_transformers.SentenceTransformer - INFO - Use pytorch device_name: cpu
2025-09-05 14:49:05,985 - sentence_transformers.SentenceTransformer - INFO - Load pretrained SentenceTransformer: all-MiniLM-L6-v2
2025-09-05 14:49:07,672 - absl - INFO - Using default tokenizer.
2025-09-05 14:49:45,763 - src.bytecode_analyzer - INFO - Parsed 2774 instructions from bytecode
2025-09-05 14:49:45,935 - sentence_transformers.SentenceTransformer - INFO - Use pytorch device_name: cpu
2025-09-05 14:49:45,935 - sentence_transformers.SentenceTransformer - INFO - Load pretrained SentenceTransformer: all-MiniLM-L6-v2
2025-09-05 14:49:47,516 - absl - INFO - Using default tokenizer.
2025-09-05 15:12:14,417 - src.bytecode_analyzer - INFO - Parsed 2774 instructions from bytecode
2025-09-05 15:12:40,132 - src.bytecode_analyzer - INFO - Parsed 2774 instructions from bytecode
2025-09-05 15:14:18,821 - src.bytecode_analyzer - INFO - Parsed 2774 instructions from bytecode
2025-09-05 15:14:18,821 - root - INFO - analyze_control_flow
2025-09-05 15:14:18,823 - root - INFO - identify_functions
2025-09-05 15:14:18,823 - root - INFO - convert_to_tac
2025-09-05 15:17:32,639 - src.bytecode_analyzer - INFO - Parsed 42896 instructions from bytecode
2025-09-05 15:17:32,640 - root - INFO - analyze_control_flow
2025-09-05 15:17:32,655 - root - INFO - identify_functions
2025-09-05 15:17:32,661 - root - INFO - convert_to_tac
2025-09-05 15:18:33,013 - src.bytecode_analyzer - INFO - Parsed 1427 instructions from bytecode
2025-09-05 15:18:33,013 - root - INFO - analyze_control_flow
2025-09-05 15:18:33,013 - root - INFO - identify_functions
2025-09-05 15:18:33,014 - root - INFO - convert_to_tac
2025-09-05 15:24:23,373 - src.bytecode_analyzer - INFO - Parsed 34416 instructions from bytecode
2025-09-05 15:24:23,374 - root - INFO - analyze_control_flow
2025-09-05 15:24:23,385 - root - INFO - identify_functions
2025-09-05 15:24:23,394 - root - INFO - convert_to_tac
2025-09-05 15:25:17,806 - src.bytecode_analyzer - INFO - Parsed 34416 instructions from bytecode
